#
# An unexpected error has been detected by Java Runtime Environment:
#
#  EXCEPTION_ACCESS_VIOLATION (0xc0000005) at pc=0x6d979893, pid=3612, tid=5684
#
# Java VM: Java HotSpot(TM) Client VM (1.6.0_02-b06 mixed mode, sharing)
# Problematic frame:
# V  [jvm.dll+0x1b9893]
#
# If you would like to submit a bug report, please visit:
#   http://java.sun.com/webapps/bugreport/crash.jsp
#

---------------  T H R E A D  ---------------

Current thread (0x02a43c00):  VMThread [id=5684]

siginfo: ExceptionCode=0xc0000005, reading address 0x0000082c

Registers:
EAX=0x037af99c, EBX=0x00294c00, ECX=0x037af99c, EDX=0x00000804
ESP=0x02b7fce0, EBP=0x00000000, ESI=0x00000000, EDI=0x00000001
EIP=0x6d979893, EFLAGS=0x00010206

Top of Stack: (sp=0x02b7fce0)
0x02b7fce0:   00294d88 02a43c00 02b7fd30 00000000
0x02b7fcf0:   00000098 02a43c00 00294cb8 00000000
0x02b7fd00:   02a43c00 02a44358 02a44378 02a44380
0x02b7fd10:   02a4476c 02a44778 00000004 02b7ff84
0x02b7fd20:   6d90c965 00000610 00000002 6d979d45
0x02b7fd30:   02b7ff84 6d979d4f 00000000 02a43c00
0x02b7fd40:   00000000 00000000 00000000 00000000
0x02b7fd50:   00000000 00000000 6d90f30c 00000000 

Instructions: (pc=0x6d979893)
0x6d979883:   89 51 14 3b c5 a3 e4 53 9e 6d 74 43 8b 10 8b c8
0x6d979893:   ff 52 28 84 c0 74 38 a1 e8 53 9e 6d 39 28 75 0d 


Stack: [0x02b30000,0x02b80000),  sp=0x02b7fce0,  free space=319k
Native frames: (J=compiled Java code, j=interpreted, Vv=VM code, C=native code)
V  [jvm.dll+0x1b9893]

[error occurred during error reporting, step 120, id 0xc0000005]

VM_Operation (0x037af99c): 
[error occurred during error reporting, step 140, id 0xc0000005]


---------------  P R O C E S S  ---------------

Java Threads: ( => current thread )
  0x00296000 JavaThread "DestroyJavaVM" [_thread_blocked, id=264]
  0x02adb400 JavaThread "Thread-6" [_thread_blocked, id=300]
  0x02df8c00 JavaThread "Thread-5" [_thread_in_native, id=5056]
  0x03220800 JavaThread "Thread-1" [_thread_in_native, id=4816]
  0x02a5c800 JavaThread "Low Memory Detector" daemon [_thread_blocked, id=6064]
  0x02a58000 JavaThread "CompilerThread0" daemon [_thread_blocked, id=3072]
  0x02a56c00 JavaThread "Attach Listener" daemon [_thread_blocked, id=5220]
  0x02a55c00 JavaThread "Signal Dispatcher" daemon [_thread_blocked, id=5716]
  0x02a4e000 JavaThread "Finalizer" daemon [_thread_blocked, id=3148]
  0x02a4d000 JavaThread "Reference Handler" daemon [_thread_blocked, id=5156]

Other Threads:
=>0x02a43c00 VMThread [id=5684]
  0x02a5f000 WatcherThread [id=3400]

VM state:not at safepoint (normal execution)

VM Mutex/Monitor currently owned by a thread:  ([mutex/lock_event])
[0x00294cb8/0x000006dc] VMOperationQueue_lock - owner thread: 0x02a43c00

Heap
 def new generation   total 960K, used 889K [0x22990000, 0x22a90000, 0x22e70000)
  eden space 896K,  99% used [0x22990000, 0x22a6e708, 0x22a70000)
  from space 64K,   0% used [0x22a70000, 0x22a70098, 0x22a80000)
  to   space 64K,   0% used [0x22a80000, 0x22a80000, 0x22a90000)
 tenured generation   total 4096K, used 1929K [0x22e70000, 0x23270000, 0x26990000)
   the space 4096K,  47% used [0x22e70000, 0x230527a0, 0x23052800, 0x23270000)
 compacting perm gen  total 12288K, used 4101K [0x26990000, 0x27590000, 0x2a990000)
   the space 12288K,  33% used [0x26990000, 0x26d915f8, 0x26d91600, 0x27590000)
    ro space 8192K,  62% used [0x2a990000, 0x2ae8f728, 0x2ae8f800, 0x2b190000)
    rw space 12288K,  52% used [0x2b190000, 0x2b7d1eb8, 0x2b7d2000, 0x2bd90000)

Dynamic libraries:
0x00400000 - 0x00423000 	C:\01barmaja\java\jre1.6.0_02\bin\java_COBAS-U601.exe
0x7c800000 - 0x7c8c3000 	C:\WINDOWS\system32\ntdll.dll
0x77e40000 - 0x77f42000 	C:\WINDOWS\system32\kernel32.dll
0x7d1e0000 - 0x7d27c000 	C:\WINDOWS\system32\ADVAPI32.dll
0x77c50000 - 0x77cf0000 	C:\WINDOWS\system32\RPCRT4.dll
0x76f50000 - 0x76f63000 	C:\WINDOWS\system32\Secur32.dll
0x7c340000 - 0x7c396000 	C:\01barmaja\java\jre1.6.0_02\bin\msvcr71.dll
0x6d7c0000 - 0x6da09000 	C:\01barmaja\java\jre1.6.0_02\bin\client\jvm.dll
0x77380000 - 0x77411000 	C:\WINDOWS\system32\USER32.dll
0x77c00000 - 0x77c49000 	C:\WINDOWS\system32\GDI32.dll
0x76aa0000 - 0x76acd000 	C:\WINDOWS\system32\WINMM.dll
0x76290000 - 0x762ad000 	C:\WINDOWS\system32\IMM32.DLL
0x71bc0000 - 0x71bc8000 	C:\WINDOWS\system32\rdpsnd.dll
0x771f0000 - 0x77201000 	C:\WINDOWS\system32\WINSTA.dll
0x77ba0000 - 0x77bfa000 	C:\WINDOWS\system32\msvcrt.dll
0x71c40000 - 0x71c97000 	C:\WINDOWS\system32\NETAPI32.dll
0x76b70000 - 0x76b7b000 	C:\WINDOWS\system32\PSAPI.DLL
0x6d310000 - 0x6d318000 	C:\01barmaja\java\jre1.6.0_02\bin\hpi.dll
0x6d770000 - 0x6d77c000 	C:\01barmaja\java\jre1.6.0_02\bin\verify.dll
0x6d3b0000 - 0x6d3cf000 	C:\01barmaja\java\jre1.6.0_02\bin\java.dll
0x6d7b0000 - 0x6d7bf000 	C:\01barmaja\java\jre1.6.0_02\bin\zip.dll
0x6d000000 - 0x6d1c3000 	C:\01barmaja\java\jre1.6.0_02\bin\awt.dll
0x73070000 - 0x73097000 	C:\WINDOWS\system32\WINSPOOL.DRV
0x77670000 - 0x777a9000 	C:\WINDOWS\system32\ole32.dll
0x6d570000 - 0x6d583000 	C:\01barmaja\java\jre1.6.0_02\bin\net.dll
0x71c00000 - 0x71c17000 	C:\WINDOWS\system32\WS2_32.dll
0x71bf0000 - 0x71bf8000 	C:\WINDOWS\system32\WS2HELP.dll
0x71b20000 - 0x71b61000 	C:\WINDOWS\system32\mswsock.dll
0x5f270000 - 0x5f2ca000 	C:\WINDOWS\system32\hnetcfg.dll
0x71ae0000 - 0x71ae8000 	C:\WINDOWS\System32\wshtcpip.dll
0x76ed0000 - 0x76efa000 	C:\WINDOWS\system32\DNSAPI.dll
0x76f70000 - 0x76f77000 	C:\WINDOWS\System32\winrnr.dll
0x76f10000 - 0x76f3e000 	C:\WINDOWS\system32\WLDAP32.dll
0x76f80000 - 0x76f85000 	C:\WINDOWS\system32\rasadhlp.dll

VM Arguments:
java_command: b01/Main /userLogin:AUTOMATIC /encriptedPassword:E1QH7nrxQC0+SXOdnErQaw /timeZone:Asia/Beirut /INSTRUMENT:COBAS-U601
Launcher Type: SUN_STANDARD

Environment Variables:
PATH=C:\oracle\orant\bin;C:\Program Files\Oracle\jre\1.3.1\bin;C:\Program Files\Oracle\jre\1.1.8\bin;C:\WINDOWS\system32;C:\WINDOWS;C:\WINDOWS\System32\Wbem
USERNAME=lis
OS=Windows_NT
PROCESSOR_IDENTIFIER=x86 Family 6 Model 29 Stepping 1, GenuineIntel



---------------  S Y S T E M  ---------------

OS: Windows Server 2003 family Build 3790 Service Pack 2

CPU:total 4 (8 cores per cpu, 1 threads per core) family 6 model 13 stepping 1, cmov, cx8, fxsr, mmx, sse, sse2, sse3, ssse3

Memory: 4k page, physical 2097151k(923988k free), swap 4026324k(822652k free)

vm_info: Java HotSpot(TM) Client VM (1.6.0_02-b06) for windows-x86, built on Jul 12 2007 01:16:14 by "java_re" with unknown MS VC++:1310

